{"numTotalTestSuites":78,"numPassedTestSuites":78,"numFailedTestSuites":0,"numPendingTestSuites":0,"numTotalTests":281,"numPassedTests":278,"numFailedTests":0,"numPendingTests":3,"numTodoTests":0,"snapshot":{"added":0,"failure":false,"filesAdded":0,"filesRemoved":0,"filesRemovedList":[],"filesUnmatched":0,"filesUpdated":0,"matched":0,"total":0,"unchecked":0,"uncheckedKeysByFile":[],"unmatched":0,"updated":0,"didUpdate":false},"startTime":1762451247627,"success":true,"testResults":[{"assertionResults":[{"ancestorTitles":["admin.users.controller - llamadas seguras"],"fullName":"admin.users.controller - llamadas seguras invoca de forma segura createUserWithRole","status":"passed","title":"invoca de forma segura createUserWithRole","duration":4.78776599999992,"failureMessages":[],"meta":{}},{"ancestorTitles":["admin.users.controller - llamadas seguras"],"fullName":"admin.users.controller - llamadas seguras invoca de forma segura addRoleToUser","status":"passed","title":"invoca de forma segura addRoleToUser","duration":83.90539400000011,"failureMessages":[],"meta":{}},{"ancestorTitles":["admin.users.controller - llamadas seguras"],"fullName":"admin.users.controller - llamadas seguras invoca de forma segura removeRoleFromUser","status":"passed","title":"invoca de forma segura removeRoleFromUser","duration":0.6959180000001197,"failureMessages":[],"meta":{}},{"ancestorTitles":["admin.users.controller - llamadas seguras"],"fullName":"admin.users.controller - llamadas seguras invoca de forma segura listUsers","status":"passed","title":"invoca de forma segura listUsers","duration":27.08336300000019,"failureMessages":[],"meta":{}},{"ancestorTitles":["admin.users.controller - llamadas seguras"],"fullName":"admin.users.controller - llamadas seguras invoca de forma segura getUser","status":"passed","title":"invoca de forma segura getUser","duration":5.576646999999866,"failureMessages":[],"meta":{}},{"ancestorTitles":["admin.users.controller - llamadas seguras"],"fullName":"admin.users.controller - llamadas seguras invoca de forma segura getUserById","status":"passed","title":"invoca de forma segura getUserById","duration":2.8236199999998917,"failureMessages":[],"meta":{}},{"ancestorTitles":["admin.users.controller - llamadas seguras"],"fullName":"admin.users.controller - llamadas seguras invoca de forma segura updateUserProfile","status":"passed","title":"invoca de forma segura updateUserProfile","duration":2.2722089999999753,"failureMessages":[],"meta":{}},{"ancestorTitles":["admin.users.controller - llamadas seguras"],"fullName":"admin.users.controller - llamadas seguras invoca de forma segura deactivateUser","status":"passed","title":"invoca de forma segura deactivateUser","duration":2.4528909999999087,"failureMessages":[],"meta":{}},{"ancestorTitles":["admin.users.controller - llamadas seguras"],"fullName":"admin.users.controller - llamadas seguras invoca de forma segura reactivateUser","status":"passed","title":"invoca de forma segura reactivateUser","duration":2.9679380000000037,"failureMessages":[],"meta":{}}],"startTime":1762451249172,"endTime":1762451249304.968,"status":"passed","message":"","name":"/home/fork_frantura/Backend/Fracturas-de-cadera/tests/admin.users.controller.spec.js"},{"assertionResults":[{"ancestorTitles":["cirugia.controller - llamadas seguras"],"fullName":"cirugia.controller - llamadas seguras invoca de forma segura list","status":"passed","title":"invoca de forma segura list","duration":98.4183250000001,"failureMessages":[],"meta":{}},{"ancestorTitles":["cirugia.controller - llamadas seguras"],"fullName":"cirugia.controller - llamadas seguras invoca de forma segura getOne","status":"passed","title":"invoca de forma segura getOne","duration":8.273983999999928,"failureMessages":[],"meta":{}},{"ancestorTitles":["cirugia.controller - llamadas seguras"],"fullName":"cirugia.controller - llamadas seguras invoca de forma segura create","status":"passed","title":"invoca de forma segura create","duration":5.05407799999989,"failureMessages":[],"meta":{}},{"ancestorTitles":["cirugia.controller - llamadas seguras"],"fullName":"cirugia.controller - llamadas seguras invoca de forma segura update","status":"passed","title":"invoca de forma segura update","duration":3.0938579999999547,"failureMessages":[],"meta":{}},{"ancestorTitles":["cirugia.controller - llamadas seguras"],"fullName":"cirugia.controller - llamadas seguras invoca de forma segura remove","status":"passed","title":"invoca de forma segura remove","duration":2.365977000000157,"failureMessages":[],"meta":{}}],"startTime":1762451249222,"endTime":1762451249340.366,"status":"passed","message":"","name":"/home/fork_frantura/Backend/Fracturas-de-cadera/tests/cirugia.controller.spec.js"},{"assertionResults":[{"ancestorTitles":["control_clinico.controller - llamadas seguras"],"fullName":"control_clinico.controller - llamadas seguras invoca de forma segura list","status":"passed","title":"invoca de forma segura list","duration":95.15855099999999,"failureMessages":[],"meta":{}},{"ancestorTitles":["control_clinico.controller - llamadas seguras"],"fullName":"control_clinico.controller - llamadas seguras invoca de forma segura getOne","status":"passed","title":"invoca de forma segura getOne","duration":0.4677719999999681,"failureMessages":[],"meta":{}},{"ancestorTitles":["control_clinico.controller - llamadas seguras"],"fullName":"control_clinico.controller - llamadas seguras invoca de forma segura create","status":"passed","title":"invoca de forma segura create","duration":7.495121000000154,"failureMessages":[],"meta":{}},{"ancestorTitles":["control_clinico.controller - llamadas seguras"],"fullName":"control_clinico.controller - llamadas seguras invoca de forma segura update","status":"passed","title":"invoca de forma segura update","duration":0.7264339999999265,"failureMessages":[],"meta":{}},{"ancestorTitles":["control_clinico.controller - llamadas seguras"],"fullName":"control_clinico.controller - llamadas seguras invoca de forma segura remove","status":"passed","title":"invoca de forma segura remove","duration":0.5191529999999602,"failureMessages":[],"meta":{}}],"startTime":1762451249147,"endTime":1762451249252.519,"status":"passed","message":"","name":"/home/fork_frantura/Backend/Fracturas-de-cadera/tests/control_clinico.controller.spec.js"},{"assertionResults":[{"ancestorTitles":["Coverage Boost - Ejecutar funciones de controllers"],"fullName":"Coverage Boost - Ejecutar funciones de controllers debería ejecutar paciente.controller.list()","status":"passed","title":"debería ejecutar paciente.controller.list()","duration":704.706898,"failureMessages":[],"meta":{}},{"ancestorTitles":["Coverage Boost - Ejecutar funciones de controllers"],"fullName":"Coverage Boost - Ejecutar funciones de controllers debería ejecutar examen.controller.list()","status":"passed","title":"debería ejecutar examen.controller.list()","duration":15.55340799999999,"failureMessages":[],"meta":{}},{"ancestorTitles":["Coverage Boost - Ejecutar funciones de controllers"],"fullName":"Coverage Boost - Ejecutar funciones de controllers debería ejecutar episodio.controller.list()","status":"passed","title":"debería ejecutar episodio.controller.list()","duration":12.715025999999853,"failureMessages":[],"meta":{}},{"ancestorTitles":["Coverage Boost - Ejecutar funciones de controllers"],"fullName":"Coverage Boost - Ejecutar funciones de controllers debería ejecutar resultado.controller.list()","status":"passed","title":"debería ejecutar resultado.controller.list()","duration":38.55031900000017,"failureMessages":[],"meta":{}},{"ancestorTitles":["Coverage Boost - Ejecutar funciones de controllers"],"fullName":"Coverage Boost - Ejecutar funciones de controllers debería ejecutar alerta.controller.list()","status":"passed","title":"debería ejecutar alerta.controller.list()","duration":8.911338999999998,"failureMessages":[],"meta":{}},{"ancestorTitles":["Coverage Boost - Ejecutar funciones de controllers"],"fullName":"Coverage Boost - Ejecutar funciones de controllers debería ejecutar muestra.controller.list()","status":"passed","title":"debería ejecutar muestra.controller.list()","duration":5.505192999999963,"failureMessages":[],"meta":{}},{"ancestorTitles":["Coverage Boost - Ejecutar funciones de controllers"],"fullName":"Coverage Boost - Ejecutar funciones de controllers debería ejecutar tipo_examen.controller.list()","status":"passed","title":"debería ejecutar tipo_examen.controller.list()","duration":12.638226999999915,"failureMessages":[],"meta":{}},{"ancestorTitles":["Coverage Boost - Ejecutar funciones de controllers"],"fullName":"Coverage Boost - Ejecutar funciones de controllers debería ejecutar tipo_muestra.controller.list()","status":"passed","title":"debería ejecutar tipo_muestra.controller.list()","duration":9.161008999999922,"failureMessages":[],"meta":{}},{"ancestorTitles":["Coverage Boost - Ejecutar funciones de controllers"],"fullName":"Coverage Boost - Ejecutar funciones de controllers debería ejecutar parametro.controller.list()","status":"passed","title":"debería ejecutar parametro.controller.list()","duration":17.270477000000028,"failureMessages":[],"meta":{}},{"ancestorTitles":["Coverage Boost - Ejecutar funciones de controllers"],"fullName":"Coverage Boost - Ejecutar funciones de controllers debería ejecutar investigador.analytics.getMuestrasConResultados()","status":"passed","title":"debería ejecutar investigador.analytics.getMuestrasConResultados()","duration":127.2399190000001,"failureMessages":[],"meta":{}},{"ancestorTitles":["Coverage Boost - Ejecutar funciones de controllers"],"fullName":"Coverage Boost - Ejecutar funciones de controllers debería ejecutar investigador.analytics.getTiposExamen()","status":"passed","title":"debería ejecutar investigador.analytics.getTiposExamen()","duration":15.865957000000208,"failureMessages":[],"meta":{}},{"ancestorTitles":["Coverage Boost - Ejecutar funciones de controllers"],"fullName":"Coverage Boost - Ejecutar funciones de controllers paciente.getOne() debe ejecutarse","status":"passed","title":"paciente.getOne() debe ejecutarse","duration":64.79364600000008,"failureMessages":[],"meta":{}},{"ancestorTitles":["Coverage Boost - Ejecutar funciones de controllers"],"fullName":"Coverage Boost - Ejecutar funciones de controllers examen.getOne() debe ejecutarse","status":"passed","title":"examen.getOne() debe ejecutarse","duration":4.375023999999939,"failureMessages":[],"meta":{}},{"ancestorTitles":["Coverage Boost - Ejecutar funciones de controllers"],"fullName":"Coverage Boost - Ejecutar funciones de controllers episodio.getOne() debe ejecutarse","status":"passed","title":"episodio.getOne() debe ejecutarse","duration":4.221062999999958,"failureMessages":[],"meta":{}},{"ancestorTitles":["Coverage Boost - Ejecutar funciones de controllers"],"fullName":"Coverage Boost - Ejecutar funciones de controllers resultado.getOne() debe ejecutarse","status":"passed","title":"resultado.getOne() debe ejecutarse","duration":2.5930899999998474,"failureMessages":[],"meta":{}},{"ancestorTitles":["Coverage Boost - Ejecutar funciones de controllers"],"fullName":"Coverage Boost - Ejecutar funciones de controllers alerta.getOne() debe ejecutarse","status":"passed","title":"alerta.getOne() debe ejecutarse","duration":2.5089140000000043,"failureMessages":[],"meta":{}},{"ancestorTitles":["Coverage Boost - Ejecutar funciones de controllers"],"fullName":"Coverage Boost - Ejecutar funciones de controllers paciente.create() debe ejecutarse con error (validación)","status":"passed","title":"paciente.create() debe ejecutarse con error (validación)","duration":1.1746879999998328,"failureMessages":[],"meta":{}},{"ancestorTitles":["Coverage Boost - Ejecutar funciones de controllers"],"fullName":"Coverage Boost - Ejecutar funciones de controllers examen.create() debe ejecutarse con error (sin paciente_id)","status":"passed","title":"examen.create() debe ejecutarse con error (sin paciente_id)","duration":1.542846999999938,"failureMessages":[],"meta":{}},{"ancestorTitles":["Coverage Boost - Ejecutar funciones de controllers"],"fullName":"Coverage Boost - Ejecutar funciones de controllers episodio.create() debe ejecutarse con error (sin paciente_id)","status":"passed","title":"episodio.create() debe ejecutarse con error (sin paciente_id)","duration":1.147469000000001,"failureMessages":[],"meta":{}},{"ancestorTitles":["Coverage Boost - Ejecutar funciones de controllers"],"fullName":"Coverage Boost - Ejecutar funciones de controllers resultado.create() debe ejecutarse con error (sin campos)","status":"passed","title":"resultado.create() debe ejecutarse con error (sin campos)","duration":0.9129199999999855,"failureMessages":[],"meta":{}},{"ancestorTitles":["Coverage Boost - Ejecutar funciones de controllers"],"fullName":"Coverage Boost - Ejecutar funciones de controllers paciente.update() debe ejecutarse","status":"passed","title":"paciente.update() debe ejecutarse","duration":1.5599469999999656,"failureMessages":[],"meta":{}},{"ancestorTitles":["Coverage Boost - Ejecutar funciones de controllers"],"fullName":"Coverage Boost - Ejecutar funciones de controllers examen.update() debe ejecutarse","status":"passed","title":"examen.update() debe ejecutarse","duration":2.159243999999944,"failureMessages":[],"meta":{}},{"ancestorTitles":["Coverage Boost - Ejecutar funciones de controllers"],"fullName":"Coverage Boost - Ejecutar funciones de controllers episodio.update() debe ejecutarse","status":"passed","title":"episodio.update() debe ejecutarse","duration":2.2026009999999587,"failureMessages":[],"meta":{}},{"ancestorTitles":["Coverage Boost - Ejecutar funciones de controllers"],"fullName":"Coverage Boost - Ejecutar funciones de controllers resultado.update() debe ejecutarse","status":"passed","title":"resultado.update() debe ejecutarse","duration":1.562682999999879,"failureMessages":[],"meta":{}},{"ancestorTitles":["Coverage Boost - Ejecutar funciones de controllers"],"fullName":"Coverage Boost - Ejecutar funciones de controllers paciente.search() debe ejecutarse","status":"passed","title":"paciente.search() debe ejecutarse","duration":10.061561999999867,"failureMessages":[],"meta":{}},{"ancestorTitles":["Coverage Boost - Ejecutar funciones de controllers"],"fullName":"Coverage Boost - Ejecutar funciones de controllers muestra.create() debe ejecutarse con error","status":"passed","title":"muestra.create() debe ejecutarse con error","duration":0.9845589999999902,"failureMessages":[],"meta":{}},{"ancestorTitles":["Coverage Boost - Ejecutar funciones de controllers"],"fullName":"Coverage Boost - Ejecutar funciones de controllers tipo_examen.getOne() debe ejecutarse","status":"passed","title":"tipo_examen.getOne() debe ejecutarse","duration":2.6972220000000107,"failureMessages":[],"meta":{}},{"ancestorTitles":["Coverage Boost - Ejecutar funciones de controllers"],"fullName":"Coverage Boost - Ejecutar funciones de controllers tipo_muestra.getOne() debe ejecutarse","status":"passed","title":"tipo_muestra.getOne() debe ejecutarse","duration":2.458609000000024,"failureMessages":[],"meta":{}},{"ancestorTitles":["Coverage Boost - Ejecutar funciones de controllers"],"fullName":"Coverage Boost - Ejecutar funciones de controllers parametro.getOne() debe ejecutarse","status":"passed","title":"parametro.getOne() debe ejecutarse","duration":4.429360000000088,"failureMessages":[],"meta":{}},{"ancestorTitles":["Coverage Boost - Ejecutar funciones de controllers"],"fullName":"Coverage Boost - Ejecutar funciones de controllers parametro.create() debe ejecutarse","status":"passed","title":"parametro.create() debe ejecutarse","duration":0.5889329999999973,"failureMessages":[],"meta":{}},{"ancestorTitles":["Coverage Boost - Ejecutar funciones de controllers"],"fullName":"Coverage Boost - Ejecutar funciones de controllers parametro.update() debe ejecutarse","status":"passed","title":"parametro.update() debe ejecutarse","duration":1.4334149999999681,"failureMessages":[],"meta":{}},{"ancestorTitles":["Coverage Boost - Ejecutar funciones de controllers"],"fullName":"Coverage Boost - Ejecutar funciones de controllers investigador.analytics.getPromediosParametros() debe ejecutarse","status":"passed","title":"investigador.analytics.getPromediosParametros() debe ejecutarse","duration":4.039003000000093,"failureMessages":[],"meta":{}},{"ancestorTitles":["Coverage Boost - Ejecutar funciones de controllers"],"fullName":"Coverage Boost - Ejecutar funciones de controllers investigador.analytics.getContadorCategorias() debe ejecutarse","status":"passed","title":"investigador.analytics.getContadorCategorias() debe ejecutarse","duration":4.480956999999989,"failureMessages":[],"meta":{}},{"ancestorTitles":["Coverage Boost - Ejecutar funciones de controllers"],"fullName":"Coverage Boost - Ejecutar funciones de controllers investigador.analytics.getDistribucionFracturaSexo() debe ejecutarse","status":"passed","title":"investigador.analytics.getDistribucionFracturaSexo() debe ejecutarse","duration":5.2040230000000065,"failureMessages":[],"meta":{}},{"ancestorTitles":["Coverage Boost - Ejecutar funciones de controllers"],"fullName":"Coverage Boost - Ejecutar funciones de controllers investigador.analytics.getRiesgoRefracturaComorbilidades() debe ejecutarse","status":"passed","title":"investigador.analytics.getRiesgoRefracturaComorbilidades() debe ejecutarse","duration":3.7234300000000076,"failureMessages":[],"meta":{}},{"ancestorTitles":["Coverage Boost - Ejecutar funciones de controllers"],"fullName":"Coverage Boost - Ejecutar funciones de controllers investigador.analytics.getRiesgoRefracturaHabitos() debe ejecutarse","status":"passed","title":"investigador.analytics.getRiesgoRefracturaHabitos() debe ejecutarse","duration":24.54407100000003,"failureMessages":[],"meta":{}}],"startTime":1762451248598,"endTime":1762451249724.5442,"status":"passed","message":"","name":"/home/fork_frantura/Backend/Fracturas-de-cadera/tests/coverage-boost.spec.js"},{"assertionResults":[{"ancestorTitles":["_crud.idParam"],"fullName":"_crud.idParam extrae ID numérico de req.params.id","status":"passed","title":"extrae ID numérico de req.params.id","duration":3.897993999999926,"failureMessages":[],"meta":{}},{"ancestorTitles":["_crud.idParam"],"fullName":"_crud.idParam retorna null para IDs no numéricos","status":"passed","title":"retorna null para IDs no numéricos","duration":0.45597399999996924,"failureMessages":[],"meta":{}},{"ancestorTitles":["_crud.idParam"],"fullName":"_crud.idParam acepta IDs negativos (devuelve el número)","status":"passed","title":"acepta IDs negativos (devuelve el número)","duration":0.337175000000002,"failureMessages":[],"meta":{}},{"ancestorTitles":["_crud.idParam"],"fullName":"_crud.idParam retorna null si no hay parámetros","status":"passed","title":"retorna null si no hay parámetros","duration":0.45301899999992656,"failureMessages":[],"meta":{}},{"ancestorTitles":["_crud.idParam"],"fullName":"_crud.idParam retorna null si id es undefined","status":"passed","title":"retorna null si id es undefined","duration":0.628688000000011,"failureMessages":[],"meta":{}},{"ancestorTitles":["_crud.idParam"],"fullName":"_crud.idParam acepta ID = 0","status":"passed","title":"acepta ID = 0","duration":0.3135220000000345,"failureMessages":[],"meta":{}},{"ancestorTitles":["_crud.okOr404"],"fullName":"_crud.okOr404 retorna JSON si row existe","status":"passed","title":"retorna JSON si row existe","duration":1.1841779999999744,"failureMessages":[],"meta":{}},{"ancestorTitles":["_crud.okOr404"],"fullName":"_crud.okOr404 retorna 404 si row es null","status":"passed","title":"retorna 404 si row es null","duration":1.0958939999999302,"failureMessages":[],"meta":{}},{"ancestorTitles":["_crud.okOr404"],"fullName":"_crud.okOr404 retorna 404 si row es undefined","status":"passed","title":"retorna 404 si row es undefined","duration":0.5677020000000539,"failureMessages":[],"meta":{}}],"startTime":1762451248616,"endTime":1762451248625.5676,"status":"passed","message":"","name":"/home/fork_frantura/Backend/Fracturas-de-cadera/tests/crud.spec.js"},{"assertionResults":[{"ancestorTitles":["episodio.controller - llamadas seguras"],"fullName":"episodio.controller - llamadas seguras invoca de forma segura list","status":"passed","title":"invoca de forma segura list","duration":102.32265399999983,"failureMessages":[],"meta":{}},{"ancestorTitles":["episodio.controller - llamadas seguras"],"fullName":"episodio.controller - llamadas seguras invoca de forma segura getOne","status":"passed","title":"invoca de forma segura getOne","duration":0.7566159999998945,"failureMessages":[],"meta":{}},{"ancestorTitles":["episodio.controller - llamadas seguras"],"fullName":"episodio.controller - llamadas seguras invoca de forma segura create","status":"passed","title":"invoca de forma segura create","duration":1.015519999999924,"failureMessages":[],"meta":{}},{"ancestorTitles":["episodio.controller - llamadas seguras"],"fullName":"episodio.controller - llamadas seguras invoca de forma segura update","status":"passed","title":"invoca de forma segura update","duration":0.8840460000001258,"failureMessages":[],"meta":{}},{"ancestorTitles":["episodio.controller - llamadas seguras"],"fullName":"episodio.controller - llamadas seguras invoca de forma segura remove","status":"passed","title":"invoca de forma segura remove","duration":0.6094560000001366,"failureMessages":[],"meta":{}},{"ancestorTitles":["episodio.controller - llamadas seguras"],"fullName":"episodio.controller - llamadas seguras list sin parámetros","status":"passed","title":"list sin parámetros","duration":6.925813999999946,"failureMessages":[],"meta":{}},{"ancestorTitles":["episodio.controller - llamadas seguras"],"fullName":"episodio.controller - llamadas seguras getOne con id válido","status":"passed","title":"getOne con id válido","duration":5.790917000000036,"failureMessages":[],"meta":{}},{"ancestorTitles":["episodio.controller - llamadas seguras"],"fullName":"episodio.controller - llamadas seguras create con body completo","status":"passed","title":"create con body completo","duration":1.6797019999999065,"failureMessages":[],"meta":{}},{"ancestorTitles":["episodio.controller - llamadas seguras"],"fullName":"episodio.controller - llamadas seguras update con body completo","status":"passed","title":"update con body completo","duration":2.1123320000001513,"failureMessages":[],"meta":{}},{"ancestorTitles":["episodio.controller - llamadas seguras"],"fullName":"episodio.controller - llamadas seguras remove con id válido","status":"passed","title":"remove con id válido","duration":1.6229909999999563,"failureMessages":[],"meta":{}},{"ancestorTitles":["episodio.controller helpers","parseDate helper"],"fullName":"episodio.controller helpers parseDate helper debería convertir string ISO a Date","status":"passed","title":"debería convertir string ISO a Date","duration":0.9193250000000717,"failureMessages":[],"meta":{}},{"ancestorTitles":["episodio.controller helpers","parseDate helper"],"fullName":"episodio.controller helpers parseDate helper debería retornar null para fechas inválidas","status":"passed","title":"debería retornar null para fechas inválidas","duration":0.43456700000001547,"failureMessages":[],"meta":{}},{"ancestorTitles":["episodio.controller helpers","normalizeComorbilidades helper"],"fullName":"episodio.controller helpers normalizeComorbilidades helper debería parsear JSON array","status":"passed","title":"debería parsear JSON array","duration":1.4025779999999486,"failureMessages":[],"meta":{}},{"ancestorTitles":["episodio.controller helpers","normalizeComorbilidades helper"],"fullName":"episodio.controller helpers normalizeComorbilidades helper debería parsear string separado por comas","status":"passed","title":"debería parsear string separado por comas","duration":1.1673389999998562,"failureMessages":[],"meta":{}},{"ancestorTitles":["episodio.controller helpers","normalizeComorbilidades helper"],"fullName":"episodio.controller helpers normalizeComorbilidades helper debería retornar array vacío para string vacío","status":"passed","title":"debería retornar array vacío para string vacío","duration":0.822695000000067,"failureMessages":[],"meta":{}},{"ancestorTitles":["episodio.controller helpers","normalizeComorbilidades helper"],"fullName":"episodio.controller helpers normalizeComorbilidades helper debería retornar null para null o undefined","status":"passed","title":"debería retornar null para null o undefined","duration":0.79892400000017,"failureMessages":[],"meta":{}},{"ancestorTitles":["episodio.controller helpers","normalizeComorbilidades helper"],"fullName":"episodio.controller helpers normalizeComorbilidades helper debería aceptar arrays directamente","status":"passed","title":"debería aceptar arrays directamente","duration":0.6800960000000487,"failureMessages":[],"meta":{}},{"ancestorTitles":["episodio.controller helpers","normalizeComorbilidades helper"],"fullName":"episodio.controller helpers normalizeComorbilidades helper debería filtrar elementos vacíos o null del array","status":"passed","title":"debería filtrar elementos vacíos o null del array","duration":0.6213849999999184,"failureMessages":[],"meta":{}},{"ancestorTitles":["episodio.controller helpers","normalizeJsonInput helper"],"fullName":"episodio.controller helpers normalizeJsonInput helper debería parsear JSON válido","status":"passed","title":"debería parsear JSON válido","duration":0.583377000000155,"failureMessages":[],"meta":{}},{"ancestorTitles":["episodio.controller helpers","normalizeJsonInput helper"],"fullName":"episodio.controller helpers normalizeJsonInput helper debería retornar string si JSON es inválido","status":"passed","title":"debería retornar string si JSON es inválido","duration":0.6588580000000093,"failureMessages":[],"meta":{}},{"ancestorTitles":["episodio.controller helpers","normalizeJsonInput helper"],"fullName":"episodio.controller helpers normalizeJsonInput helper debería retornar null para string vacío","status":"passed","title":"debería retornar null para string vacío","duration":0.47426099999984217,"failureMessages":[],"meta":{}},{"ancestorTitles":["episodio.controller helpers","normalizeJsonInput helper"],"fullName":"episodio.controller helpers normalizeJsonInput helper debería manejar undefined y null correctamente","status":"passed","title":"debería manejar undefined y null correctamente","duration":0.5169200000000274,"failureMessages":[],"meta":{}},{"ancestorTitles":["episodio.controller helpers","normalizeJsonInput helper"],"fullName":"episodio.controller helpers normalizeJsonInput helper debería retornar valores no-string sin modificar","status":"passed","title":"debería retornar valores no-string sin modificar","duration":0.8082660000000033,"failureMessages":[],"meta":{}},{"ancestorTitles":["episodio.controller helpers","toBoolOrNull helper"],"fullName":"episodio.controller helpers toBoolOrNull helper debería convertir valores truthy a true","status":"passed","title":"debería convertir valores truthy a true","duration":0.5420070000000123,"failureMessages":[],"meta":{}},{"ancestorTitles":["episodio.controller helpers","toBoolOrNull helper"],"fullName":"episodio.controller helpers toBoolOrNull helper debería convertir valores falsy a false (excepto null/undefined)","status":"passed","title":"debería convertir valores falsy a false (excepto null/undefined)","duration":0.4518759999998565,"failureMessages":[],"meta":{}},{"ancestorTitles":["episodio.controller helpers","toBoolOrNull helper"],"fullName":"episodio.controller helpers toBoolOrNull helper debería retornar undefined para undefined","status":"passed","title":"debería retornar undefined para undefined","duration":0.33085300000016105,"failureMessages":[],"meta":{}},{"ancestorTitles":["episodio.controller helpers","toBoolOrNull helper"],"fullName":"episodio.controller helpers toBoolOrNull helper debería retornar null para null","status":"passed","title":"debería retornar null para null","duration":0.32523399999990943,"failureMessages":[],"meta":{}},{"ancestorTitles":["episodio.controller helpers","buildControlInicialPayload helper"],"fullName":"episodio.controller helpers buildControlInicialPayload helper debería construir payload con campos definidos","status":"passed","title":"debería construir payload con campos definidos","duration":0.9828309999998055,"failureMessages":[],"meta":{}},{"ancestorTitles":["episodio.controller helpers","buildControlInicialPayload helper"],"fullName":"episodio.controller helpers buildControlInicialPayload helper debería omitir campos undefined","status":"passed","title":"debería omitir campos undefined","duration":0.5590389999999843,"failureMessages":[],"meta":{}}],"startTime":1762451249158,"endTime":1762451249297.559,"status":"passed","message":"","name":"/home/fork_frantura/Backend/Fracturas-de-cadera/tests/episodio.controller.spec.js"},{"assertionResults":[{"ancestorTitles":["examen.controller helpers","formatDateTime helper (inferido del código)"],"fullName":"examen.controller helpers formatDateTime helper (inferido del código) debería formatear Date a string ISO sin T","status":"passed","title":"debería formatear Date a string ISO sin T","duration":4.932518999999957,"failureMessages":[],"meta":{}},{"ancestorTitles":["examen.controller helpers","formatDateTime helper (inferido del código)"],"fullName":"examen.controller helpers formatDateTime helper (inferido del código) debería formatear string de fecha válida","status":"passed","title":"debería formatear string de fecha válida","duration":0.8941780000000108,"failureMessages":[],"meta":{}},{"ancestorTitles":["examen.controller helpers","formatDateTime helper (inferido del código)"],"fullName":"examen.controller helpers formatDateTime helper (inferido del código) debería retornar N/A para fechas inválidas","status":"passed","title":"debería retornar N/A para fechas inválidas","duration":1.2063759999999775,"failureMessages":[],"meta":{}},{"ancestorTitles":["examen.controller helpers","safeTimestamp helper (inferido del código)"],"fullName":"examen.controller helpers safeTimestamp helper (inferido del código) debería convertir fecha válida a timestamp","status":"passed","title":"debería convertir fecha válida a timestamp","duration":0.5506479999999101,"failureMessages":[],"meta":{}},{"ancestorTitles":["examen.controller helpers","safeTimestamp helper (inferido del código)"],"fullName":"examen.controller helpers safeTimestamp helper (inferido del código) debería convertir string de fecha a timestamp","status":"passed","title":"debería convertir string de fecha a timestamp","duration":0.5005259999999225,"failureMessages":[],"meta":{}},{"ancestorTitles":["examen.controller helpers","safeTimestamp helper (inferido del código)"],"fullName":"examen.controller helpers safeTimestamp helper (inferido del código) debería retornar null para fechas inválidas","status":"passed","title":"debería retornar null para fechas inválidas","duration":1.0540950000000748,"failureMessages":[],"meta":{}},{"ancestorTitles":["examen.controller helpers","Validaciones de negocio inferidas"],"fullName":"examen.controller helpers Validaciones de negocio inferidas debería validar que paciente_id es obligatorio","status":"passed","title":"debería validar que paciente_id es obligatorio","duration":0.6342369999999846,"failureMessages":[],"meta":{}},{"ancestorTitles":["examen.controller helpers","Validaciones de negocio inferidas"],"fullName":"examen.controller helpers Validaciones de negocio inferidas debería validar que muestras es un array si se proporciona","status":"passed","title":"debería validar que muestras es un array si se proporciona","duration":0.8671659999999974,"failureMessages":[],"meta":{}},{"ancestorTitles":["examen.controller helpers","Validaciones de negocio inferidas"],"fullName":"examen.controller helpers Validaciones de negocio inferidas debería usar valor por defecto para tipo_examen","status":"passed","title":"debería usar valor por defecto para tipo_examen","duration":0.8767740000000686,"failureMessages":[],"meta":{}},{"ancestorTitles":["examen.controller helpers","Validaciones de negocio inferidas"],"fullName":"examen.controller helpers Validaciones de negocio inferidas debería usar fecha actual si no se proporciona fecha_solicitud","status":"passed","title":"debería usar fecha actual si no se proporciona fecha_solicitud","duration":1.412759000000051,"failureMessages":[],"meta":{}},{"ancestorTitles":["examen.controller helpers","Lógica de tipos de muestra existentes"],"fullName":"examen.controller helpers Lógica de tipos de muestra existentes debería crear Set de tipos existentes en minúsculas","status":"passed","title":"debería crear Set de tipos existentes en minúsculas","duration":0.6461829999999509,"failureMessages":[],"meta":{}},{"ancestorTitles":["examen.controller helpers","Lógica de tipos de muestra existentes"],"fullName":"examen.controller helpers Lógica de tipos de muestra existentes debería detectar tipos duplicados (case-insensitive)","status":"passed","title":"debería detectar tipos duplicados (case-insensitive)","duration":0.4991699999999355,"failureMessages":[],"meta":{}}],"startTime":1762451248559,"endTime":1762451248575.4993,"status":"passed","message":"","name":"/home/fork_frantura/Backend/Fracturas-de-cadera/tests/examen.controller.spec.js"},{"assertionResults":[{"ancestorTitles":["Boost final de cobertura - variaciones de parámetros","registro.controller - variaciones"],"fullName":"Boost final de cobertura - variaciones de parámetros registro.controller - variaciones debe ejecutar con múltiples casos edge","status":"passed","title":"debe ejecutar con múltiples casos edge","duration":810.206128,"failureMessages":[],"meta":{}},{"ancestorTitles":["Boost final de cobertura - variaciones de parámetros","episodio.controller - variaciones"],"fullName":"Boost final de cobertura - variaciones de parámetros episodio.controller - variaciones debe ejecutar con múltiples casos edge","status":"passed","title":"debe ejecutar con múltiples casos edge","duration":24.426296000000093,"failureMessages":[],"meta":{}},{"ancestorTitles":["Boost final de cobertura - variaciones de parámetros","control_clinico.controller - variaciones"],"fullName":"Boost final de cobertura - variaciones de parámetros control_clinico.controller - variaciones debe ejecutar con múltiples casos edge","status":"passed","title":"debe ejecutar con múltiples casos edge","duration":10.943301999999903,"failureMessages":[],"meta":{}},{"ancestorTitles":["Boost final de cobertura - variaciones de parámetros","paciente.controller - variaciones"],"fullName":"Boost final de cobertura - variaciones de parámetros paciente.controller - variaciones debe ejecutar funciones adicionales","status":"passed","title":"debe ejecutar funciones adicionales","duration":88.2942250000001,"failureMessages":[],"meta":{}}],"startTime":1762451248517,"endTime":1762451249452.2942,"status":"passed","message":"","name":"/home/fork_frantura/Backend/Fracturas-de-cadera/tests/final-coverage-boost.spec.js"},{"assertionResults":[{"ancestorTitles":["investigador.analytics.controller helpers","Categorización de tipos de examen"],"fullName":"investigador.analytics.controller helpers Categorización de tipos de examen debería categorizar exámenes de IMAGEN","status":"passed","title":"debería categorizar exámenes de IMAGEN","duration":5.589199000000008,"failureMessages":[],"meta":{}},{"ancestorTitles":["investigador.analytics.controller helpers","Categorización de tipos de examen"],"fullName":"investigador.analytics.controller helpers Categorización de tipos de examen debería categorizar exámenes de LABORATORIO","status":"passed","title":"debería categorizar exámenes de LABORATORIO","duration":1.3779449999999542,"failureMessages":[],"meta":{}},{"ancestorTitles":["investigador.analytics.controller helpers","Categorización de tipos de examen"],"fullName":"investigador.analytics.controller helpers Categorización de tipos de examen debería categorizar exámenes BIOQUIMICOS","status":"passed","title":"debería categorizar exámenes BIOQUIMICOS","duration":1.9674289999999246,"failureMessages":[],"meta":{}},{"ancestorTitles":["investigador.analytics.controller helpers","Categorización de tipos de examen"],"fullName":"investigador.analytics.controller helpers Categorización de tipos de examen debería categorizar exámenes HEMATOLOGICOS","status":"passed","title":"debería categorizar exámenes HEMATOLOGICOS","duration":1.0386349999999993,"failureMessages":[],"meta":{}},{"ancestorTitles":["investigador.analytics.controller helpers","Categorización de tipos de examen"],"fullName":"investigador.analytics.controller helpers Categorización de tipos de examen debería categorizar exámenes de URINALISIS","status":"passed","title":"debería categorizar exámenes de URINALISIS","duration":0.9768189999999777,"failureMessages":[],"meta":{}},{"ancestorTitles":["investigador.analytics.controller helpers","Categorización de tipos de examen"],"fullName":"investigador.analytics.controller helpers Categorización de tipos de examen debería categorizar exámenes CARDIOLOGICOS","status":"passed","title":"debería categorizar exámenes CARDIOLOGICOS","duration":1.0139529999999013,"failureMessages":[],"meta":{}},{"ancestorTitles":["investigador.analytics.controller helpers","Categorización de tipos de examen"],"fullName":"investigador.analytics.controller helpers Categorización de tipos de examen debería categorizar exámenes no reconocidos como OTROS","status":"passed","title":"debería categorizar exámenes no reconocidos como OTROS","duration":1.1841200000000072,"failureMessages":[],"meta":{}},{"ancestorTitles":["investigador.analytics.controller helpers","Mapeo de tipos de muestra"],"fullName":"investigador.analytics.controller helpers Mapeo de tipos de muestra debería crear mapa de id a nombre","status":"passed","title":"debería crear mapa de id a nombre","duration":1.206829999999968,"failureMessages":[],"meta":{}},{"ancestorTitles":["investigador.analytics.controller helpers","Mapeo de tipos de muestra"],"fullName":"investigador.analytics.controller helpers Mapeo de tipos de muestra debería manejar array vacío","status":"passed","title":"debería manejar array vacío","duration":0.783168000000046,"failureMessages":[],"meta":{}},{"ancestorTitles":["investigador.analytics.controller helpers","Estructura de respuesta de tipos de examen"],"fullName":"investigador.analytics.controller helpers Estructura de respuesta de tipos de examen debería crear estructura compatible con frontend","status":"passed","title":"debería crear estructura compatible con frontend","duration":5.422949000000017,"failureMessages":[],"meta":{}},{"ancestorTitles":["investigador.analytics.controller helpers","Estructura de respuesta de tipos de examen"],"fullName":"investigador.analytics.controller helpers Estructura de respuesta de tipos de examen debería preparar estructura para Promise.all","status":"passed","title":"debería preparar estructura para Promise.all","duration":1.070703999999978,"failureMessages":[],"meta":{}},{"ancestorTitles":["investigador.analytics.controller helpers","Ordenamiento de muestras"],"fullName":"investigador.analytics.controller helpers Ordenamiento de muestras debería ordenar por muestra_id descendente","status":"passed","title":"debería ordenar por muestra_id descendente","duration":0.7148809999999912,"failureMessages":[],"meta":{}},{"ancestorTitles":["investigador.analytics.controller helpers","Extracción de atributos de resultados"],"fullName":"investigador.analytics.controller helpers Extracción de atributos de resultados debería definir atributos correctos para resultados","status":"passed","title":"debería definir atributos correctos para resultados","duration":2.7920139999999947,"failureMessages":[],"meta":{}}],"startTime":1762451248561,"endTime":1762451248587.792,"status":"passed","message":"","name":"/home/fork_frantura/Backend/Fracturas-de-cadera/tests/investigador.analytics.controller.spec.js"},{"assertionResults":[{"ancestorTitles":["labAlertService.syncAlertForResultado"],"fullName":"labAlertService.syncAlertForResultado crea alerta LAB cuando valor está por SOBRE el máximo","status":"passed","title":"crea alerta LAB cuando valor está por SOBRE el máximo","duration":11.539075999999795,"failureMessages":[],"meta":{}},{"ancestorTitles":["labAlertService.syncAlertForResultado"],"fullName":"labAlertService.syncAlertForResultado actualiza alerta existente si sigue fuera de rango","status":"passed","title":"actualiza alerta existente si sigue fuera de rango","duration":3.394713000000138,"failureMessages":[],"meta":{}},{"ancestorTitles":["labAlertService.syncAlertForResultado"],"fullName":"labAlertService.syncAlertForResultado resuelve alerta si el valor vuelve a rango","status":"passed","title":"resuelve alerta si el valor vuelve a rango","duration":2.408635000000004,"failureMessages":[],"meta":{}},{"ancestorTitles":["labAlertService.syncAlertForResultado"],"fullName":"labAlertService.syncAlertForResultado no hace nada si no hay referencia (min y max nulos) o valor no numérico","status":"passed","title":"no hace nada si no hay referencia (min y max nulos) o valor no numérico","duration":0.9616150000001653,"failureMessages":[],"meta":{}},{"ancestorTitles":["labAlertService - funciones exportadas adicionales"],"fullName":"labAlertService - funciones exportadas adicionales todas las funciones exportadas son ejecutables","status":"passed","title":"todas las funciones exportadas son ejecutables","duration":1.0259020000000874,"failureMessages":[],"meta":{}},{"ancestorTitles":["labAlertService - funciones exportadas adicionales"],"fullName":"labAlertService - funciones exportadas adicionales syncAlertForResultado debe ejecutarse con parámetros vacíos","status":"passed","title":"syncAlertForResultado debe ejecutarse con parámetros vacíos","duration":0.9311689999999544,"failureMessages":[],"meta":{}}],"startTime":1762451249153,"endTime":1762451249173.9312,"status":"passed","message":"","name":"/home/fork_frantura/Backend/Fracturas-de-cadera/tests/labAlertService.spec.js"},{"assertionResults":[{"ancestorTitles":["POST /login"],"fullName":"POST /login rechaza si faltan credenciales (400)","status":"passed","title":"rechaza si faltan credenciales (400)","duration":531.717551,"failureMessages":[],"meta":{}},{"ancestorTitles":["POST /login"],"fullName":"POST /login 404 si usuario no existe","status":"passed","title":"404 si usuario no existe","duration":10.482361999999966,"failureMessages":[],"meta":{}},{"ancestorTitles":["POST /login"],"fullName":"POST /login 403 si requiere verificación y email_verified=false","status":"passed","title":"403 si requiere verificación y email_verified=false","duration":27.47252000000003,"failureMessages":[],"meta":{}},{"ancestorTitles":["POST /login"],"fullName":"POST /login 401 si password incorrecta","status":"passed","title":"401 si password incorrecta","duration":8.603953000000047,"failureMessages":[],"meta":{}},{"ancestorTitles":["POST /login"],"fullName":"POST /login 200 login exitoso: set-cookie + token + user","status":"passed","title":"200 login exitoso: set-cookie + token + user","duration":24.913651000000073,"failureMessages":[],"meta":{}},{"ancestorTitles":["POST /logout"],"fullName":"POST /logout borra cookie y responde ok (200)","status":"passed","title":"borra cookie y responde ok (200)","duration":10.806653000000097,"failureMessages":[],"meta":{}}],"startTime":1762451248896,"endTime":1762451249510.8066,"status":"passed","message":"","name":"/home/fork_frantura/Backend/Fracturas-de-cadera/tests/login.controller.spec.js"},{"assertionResults":[{"ancestorTitles":["Massive Coverage - Ejecutar todas las funciones exportadas"],"fullName":"Massive Coverage - Ejecutar todas las funciones exportadas debe ejecutar funciones de paciente.controller.js","status":"passed","title":"debe ejecutar funciones de paciente.controller.js","duration":667.939304,"failureMessages":[],"meta":{}},{"ancestorTitles":["Massive Coverage - Ejecutar todas las funciones exportadas"],"fullName":"Massive Coverage - Ejecutar todas las funciones exportadas debe ejecutar funciones de episodio.controller.js","status":"passed","title":"debe ejecutar funciones de episodio.controller.js","duration":28.119327999999996,"failureMessages":[],"meta":{}},{"ancestorTitles":["Massive Coverage - Ejecutar todas las funciones exportadas"],"fullName":"Massive Coverage - Ejecutar todas las funciones exportadas debe ejecutar funciones de examen.controller.js","status":"passed","title":"debe ejecutar funciones de examen.controller.js","duration":21.395585999999867,"failureMessages":[],"meta":{}},{"ancestorTitles":["Massive Coverage - Ejecutar todas las funciones exportadas"],"fullName":"Massive Coverage - Ejecutar todas las funciones exportadas debe ejecutar funciones de resultado.controller.js","status":"passed","title":"debe ejecutar funciones de resultado.controller.js","duration":59.86419799999999,"failureMessages":[],"meta":{}},{"ancestorTitles":["Massive Coverage - Ejecutar todas las funciones exportadas"],"fullName":"Massive Coverage - Ejecutar todas las funciones exportadas debe ejecutar funciones de alerta.controller.js","status":"passed","title":"debe ejecutar funciones de alerta.controller.js","duration":10.589913000000024,"failureMessages":[],"meta":{}},{"ancestorTitles":["Massive Coverage - Ejecutar todas las funciones exportadas"],"fullName":"Massive Coverage - Ejecutar todas las funciones exportadas debe ejecutar funciones de muestra.controller.js","status":"passed","title":"debe ejecutar funciones de muestra.controller.js","duration":22.430503000000044,"failureMessages":[],"meta":{}},{"ancestorTitles":["Massive Coverage - Ejecutar todas las funciones exportadas"],"fullName":"Massive Coverage - Ejecutar todas las funciones exportadas debe ejecutar funciones de control_clinico.controller.js","status":"passed","title":"debe ejecutar funciones de control_clinico.controller.js","duration":37.94746200000009,"failureMessages":[],"meta":{}},{"ancestorTitles":["Massive Coverage - Ejecutar todas las funciones exportadas"],"fullName":"Massive Coverage - Ejecutar todas las funciones exportadas debe ejecutar funciones de antropometria.controller.js","status":"passed","title":"debe ejecutar funciones de antropometria.controller.js","duration":9.911644000000024,"failureMessages":[],"meta":{}},{"ancestorTitles":["Massive Coverage - Ejecutar todas las funciones exportadas"],"fullName":"Massive Coverage - Ejecutar todas las funciones exportadas debe ejecutar funciones de cirugia.controller.js","status":"passed","title":"debe ejecutar funciones de cirugia.controller.js","duration":9.731152000000066,"failureMessages":[],"meta":{}},{"ancestorTitles":["Massive Coverage - Ejecutar todas las funciones exportadas"],"fullName":"Massive Coverage - Ejecutar todas las funciones exportadas debe ejecutar funciones de complicacion.controller.js","status":"passed","title":"debe ejecutar funciones de complicacion.controller.js","duration":6.833452999999963,"failureMessages":[],"meta":{}},{"ancestorTitles":["Massive Coverage - Ejecutar todas las funciones exportadas"],"fullName":"Massive Coverage - Ejecutar todas las funciones exportadas debe ejecutar funciones de evolucion.controller.js","status":"passed","title":"debe ejecutar funciones de evolucion.controller.js","duration":7.695476999999983,"failureMessages":[],"meta":{}},{"ancestorTitles":["Massive Coverage - Ejecutar todas las funciones exportadas"],"fullName":"Massive Coverage - Ejecutar todas las funciones exportadas debe ejecutar funciones de minuta.controller.js","status":"passed","title":"debe ejecutar funciones de minuta.controller.js","duration":9.195330000000013,"failureMessages":[],"meta":{}},{"ancestorTitles":["Massive Coverage - Ejecutar todas las funciones exportadas"],"fullName":"Massive Coverage - Ejecutar todas las funciones exportadas debe ejecutar funciones de parametro.controller.js","status":"passed","title":"debe ejecutar funciones de parametro.controller.js","duration":21.646572000000106,"failureMessages":[],"meta":{}},{"ancestorTitles":["Massive Coverage - Ejecutar todas las funciones exportadas"],"fullName":"Massive Coverage - Ejecutar todas las funciones exportadas debe ejecutar funciones de suspension.controller.js","status":"passed","title":"debe ejecutar funciones de suspension.controller.js","duration":7.609971000000087,"failureMessages":[],"meta":{}},{"ancestorTitles":["Massive Coverage - Ejecutar todas las funciones exportadas"],"fullName":"Massive Coverage - Ejecutar todas las funciones exportadas debe ejecutar funciones de tipo_examen.controller.js","status":"passed","title":"debe ejecutar funciones de tipo_examen.controller.js","duration":40.89770199999998,"failureMessages":[],"meta":{}},{"ancestorTitles":["Massive Coverage - Ejecutar todas las funciones exportadas"],"fullName":"Massive Coverage - Ejecutar todas las funciones exportadas debe ejecutar funciones de tipo_muestra.controller.js","status":"passed","title":"debe ejecutar funciones de tipo_muestra.controller.js","duration":11.13993500000015,"failureMessages":[],"meta":{}},{"ancestorTitles":["Massive Coverage - Ejecutar todas las funciones exportadas"],"fullName":"Massive Coverage - Ejecutar todas las funciones exportadas debe ejecutar funciones de administrador.controller.js","status":"passed","title":"debe ejecutar funciones de administrador.controller.js","duration":7.486366999999973,"failureMessages":[],"meta":{}},{"ancestorTitles":["Massive Coverage - Ejecutar todas las funciones exportadas"],"fullName":"Massive Coverage - Ejecutar todas las funciones exportadas debe ejecutar funciones de investigador.controller.js","status":"passed","title":"debe ejecutar funciones de investigador.controller.js","duration":7.258037999999942,"failureMessages":[],"meta":{}},{"ancestorTitles":["Massive Coverage - Ejecutar todas las funciones exportadas"],"fullName":"Massive Coverage - Ejecutar todas las funciones exportadas debe ejecutar funciones de tecnologo.controller.js","status":"passed","title":"debe ejecutar funciones de tecnologo.controller.js","duration":4.2282370000000356,"failureMessages":[],"meta":{}},{"ancestorTitles":["Massive Coverage - Ejecutar todas las funciones exportadas"],"fullName":"Massive Coverage - Ejecutar todas las funciones exportadas debe ejecutar funciones de funcionario.controller.js","status":"passed","title":"debe ejecutar funciones de funcionario.controller.js","duration":5.219966999999997,"failureMessages":[],"meta":{}},{"ancestorTitles":["Massive Coverage - Ejecutar todas las funciones exportadas"],"fullName":"Massive Coverage - Ejecutar todas las funciones exportadas debe ejecutar funciones de episodio_indicador.controller.js","status":"passed","title":"debe ejecutar funciones de episodio_indicador.controller.js","duration":16.621848,"failureMessages":[],"meta":{}},{"ancestorTitles":["Massive Coverage - Ejecutar todas las funciones exportadas"],"fullName":"Massive Coverage - Ejecutar todas las funciones exportadas debe ejecutar funciones de user.controller.js","status":"passed","title":"debe ejecutar funciones de user.controller.js","duration":11.842576999999892,"failureMessages":[],"meta":{}},{"ancestorTitles":["Massive Coverage - Ejecutar todas las funciones exportadas"],"fullName":"Massive Coverage - Ejecutar todas las funciones exportadas debe ejecutar funciones de perfil.controller.js","status":"passed","title":"debe ejecutar funciones de perfil.controller.js","duration":4.2538620000000265,"failureMessages":[],"meta":{}},{"ancestorTitles":["Massive Coverage - Ejecutar todas las funciones exportadas"],"fullName":"Massive Coverage - Ejecutar todas las funciones exportadas debe ejecutar funciones de indicador.controller.js","status":"passed","title":"debe ejecutar funciones de indicador.controller.js","duration":7.853959000000032,"failureMessages":[],"meta":{}},{"ancestorTitles":["Massive Coverage - Ejecutar todas las funciones exportadas"],"fullName":"Massive Coverage - Ejecutar todas las funciones exportadas debe ejecutar TODAS las funciones de investigador.analytics.controller.js","status":"passed","title":"debe ejecutar TODAS las funciones de investigador.analytics.controller.js","duration":153.35185199999978,"failureMessages":[],"meta":{}},{"ancestorTitles":["Massive Coverage - Ejecutar todas las funciones exportadas"],"fullName":"Massive Coverage - Ejecutar todas las funciones exportadas debe ejecutar funciones de admin.users.controller.js","status":"passed","title":"debe ejecutar funciones de admin.users.controller.js","duration":14.90121100000033,"failureMessages":[],"meta":{}},{"ancestorTitles":["Massive Coverage - Ejecutar todas las funciones exportadas"],"fullName":"Massive Coverage - Ejecutar todas las funciones exportadas debe ejecutar funciones de public.controller.js","status":"passed","title":"debe ejecutar funciones de public.controller.js","duration":12.35467400000016,"failureMessages":[],"meta":{}},{"ancestorTitles":["Massive Coverage - Ejecutar todas las funciones exportadas"],"fullName":"Massive Coverage - Ejecutar todas las funciones exportadas debe ejecutar funciones de upload.controller.js","status":"passed","title":"debe ejecutar funciones de upload.controller.js","duration":3.8170850000001337,"failureMessages":[],"meta":{}},{"ancestorTitles":["Massive Coverage - Ejecutar todas las funciones exportadas"],"fullName":"Massive Coverage - Ejecutar todas las funciones exportadas debe ejecutar funciones de login.js","status":"passed","title":"debe ejecutar funciones de login.js","duration":133.9239849999999,"failureMessages":[],"meta":{}},{"ancestorTitles":["Massive Coverage - Ejecutar todas las funciones exportadas"],"fullName":"Massive Coverage - Ejecutar todas las funciones exportadas debe ejecutar funciones de register.js","status":"passed","title":"debe ejecutar funciones de register.js","duration":29.14627500000006,"failureMessages":[],"meta":{}},{"ancestorTitles":["Massive Coverage - Ejecutar todas las funciones exportadas"],"fullName":"Massive Coverage - Ejecutar todas las funciones exportadas debe importar y ejecutar riesgoRefracturaService","status":"passed","title":"debe importar y ejecutar riesgoRefracturaService","duration":0.7313580000000002,"failureMessages":[],"meta":{}},{"ancestorTitles":["Massive Coverage - Ejecutar todas las funciones exportadas"],"fullName":"Massive Coverage - Ejecutar todas las funciones exportadas debe importar y ejecutar labAlertService","status":"passed","title":"debe importar y ejecutar labAlertService","duration":0.32777000000032785,"failureMessages":[],"meta":{}},{"ancestorTitles":["Massive Coverage - Ejecutar todas las funciones exportadas"],"fullName":"Massive Coverage - Ejecutar todas las funciones exportadas debe importar getUserRoles","status":"passed","title":"debe importar getUserRoles","duration":0.32733399999960966,"failureMessages":[],"meta":{}},{"ancestorTitles":["Massive Coverage - Ejecutar todas las funciones exportadas"],"fullName":"Massive Coverage - Ejecutar todas las funciones exportadas debe importar mailer","status":"passed","title":"debe importar mailer","duration":0.33873300000004747,"failureMessages":[],"meta":{}},{"ancestorTitles":["Massive Coverage - Ejecutar todas las funciones exportadas"],"fullName":"Massive Coverage - Ejecutar todas las funciones exportadas paciente.controller - ejecutar con casos edge","status":"passed","title":"paciente.controller - ejecutar con casos edge","duration":21.31389100000024,"failureMessages":[],"meta":{}},{"ancestorTitles":["Massive Coverage - Ejecutar todas las funciones exportadas"],"fullName":"Massive Coverage - Ejecutar todas las funciones exportadas episodio.controller - ejecutar con casos edge","status":"passed","title":"episodio.controller - ejecutar con casos edge","duration":3.0888740000000325,"failureMessages":[],"meta":{}},{"ancestorTitles":["Massive Coverage - Ejecutar todas las funciones exportadas"],"fullName":"Massive Coverage - Ejecutar todas las funciones exportadas examen.controller - ejecutar con casos edge","status":"passed","title":"examen.controller - ejecutar con casos edge","duration":3.3097939999997834,"failureMessages":[],"meta":{}},{"ancestorTitles":["Massive Coverage - Ejecutar todas las funciones exportadas"],"fullName":"Massive Coverage - Ejecutar todas las funciones exportadas resultado.controller - ejecutar con casos edge","status":"passed","title":"resultado.controller - ejecutar con casos edge","duration":2.9861040000000685,"failureMessages":[],"meta":{}},{"ancestorTitles":["Massive Coverage - Ejecutar todas las funciones exportadas"],"fullName":"Massive Coverage - Ejecutar todas las funciones exportadas alerta.controller - ejecutar con filtros","status":"passed","title":"alerta.controller - ejecutar con filtros","duration":3.84182600000031,"failureMessages":[],"meta":{}},{"ancestorTitles":["Massive Coverage - Ejecutar todas las funciones exportadas"],"fullName":"Massive Coverage - Ejecutar todas las funciones exportadas control_clinico.controller - ejecutar create y update","status":"passed","title":"control_clinico.controller - ejecutar create y update","duration":1.7387779999999111,"failureMessages":[],"meta":{}},{"ancestorTitles":["Massive Coverage - Ejecutar todas las funciones exportadas"],"fullName":"Massive Coverage - Ejecutar todas las funciones exportadas investigador.analytics - ejecutar todas las funciones analytics","status":"passed","title":"investigador.analytics - ejecutar todas las funciones analytics","duration":23.526976999999988,"failureMessages":[],"meta":{}}],"startTime":1762451248651,"endTime":1762451250100.5269,"status":"passed","message":"","name":"/home/fork_frantura/Backend/Fracturas-de-cadera/tests/massive-coverage.spec.js"},{"assertionResults":[{"ancestorTitles":["minuta.controller"],"fullName":"minuta.controller debe exportar la función list","status":"passed","title":"debe exportar la función list","duration":4.05077899999992,"failureMessages":[],"meta":{}},{"ancestorTitles":["minuta.controller"],"fullName":"minuta.controller debe exportar la función getOne","status":"passed","title":"debe exportar la función getOne","duration":0.6765620000001036,"failureMessages":[],"meta":{}},{"ancestorTitles":["minuta.controller"],"fullName":"minuta.controller debe exportar la función create","status":"passed","title":"debe exportar la función create","duration":5.607909999999947,"failureMessages":[],"meta":{}},{"ancestorTitles":["minuta.controller"],"fullName":"minuta.controller debe exportar la función update","status":"passed","title":"debe exportar la función update","duration":0.7284030000000712,"failureMessages":[],"meta":{}},{"ancestorTitles":["minuta.controller"],"fullName":"minuta.controller debe exportar la función remove","status":"passed","title":"debe exportar la función remove","duration":0.7174399999998968,"failureMessages":[],"meta":{}}],"startTime":1762451249254,"endTime":1762451249265.7175,"status":"passed","message":"","name":"/home/fork_frantura/Backend/Fracturas-de-cadera/tests/minuta.controller.spec.js"},{"assertionResults":[{"ancestorTitles":["paciente.controller - funciones exportadas"],"fullName":"paciente.controller - funciones exportadas invoca de forma segura search","status":"passed","title":"invoca de forma segura search","duration":129.74591099999998,"failureMessages":[],"meta":{}},{"ancestorTitles":["paciente.controller - funciones exportadas"],"fullName":"paciente.controller - funciones exportadas invoca de forma segura list","status":"passed","title":"invoca de forma segura list","duration":12.839686999999913,"failureMessages":[],"meta":{}},{"ancestorTitles":["paciente.controller - funciones exportadas"],"fullName":"paciente.controller - funciones exportadas invoca de forma segura getOne","status":"passed","title":"invoca de forma segura getOne","duration":3.874563999999964,"failureMessages":[],"meta":{}},{"ancestorTitles":["paciente.controller - funciones exportadas"],"fullName":"paciente.controller - funciones exportadas invoca de forma segura create","status":"passed","title":"invoca de forma segura create","duration":0.6049639999998817,"failureMessages":[],"meta":{}},{"ancestorTitles":["paciente.controller - funciones exportadas"],"fullName":"paciente.controller - funciones exportadas invoca de forma segura update","status":"passed","title":"invoca de forma segura update","duration":2.3159509999998136,"failureMessages":[],"meta":{}},{"ancestorTitles":["paciente.controller - funciones exportadas"],"fullName":"paciente.controller - funciones exportadas invoca de forma segura remove","status":"passed","title":"invoca de forma segura remove","duration":1.6315220000001318,"failureMessages":[],"meta":{}},{"ancestorTitles":["paciente.controller - funciones exportadas"],"fullName":"paciente.controller - funciones exportadas invoca de forma segura getDetalles","status":"passed","title":"invoca de forma segura getDetalles","duration":28.568939999999884,"failureMessages":[],"meta":{}},{"ancestorTitles":["paciente.controller - funciones exportadas"],"fullName":"paciente.controller - funciones exportadas invoca de forma segura getResumen","status":"passed","title":"invoca de forma segura getResumen","duration":31.355624999999918,"failureMessages":[],"meta":{}},{"ancestorTitles":["paciente.controller - funciones exportadas"],"fullName":"paciente.controller - funciones exportadas invoca de forma segura datosPaciente","status":"passed","title":"invoca de forma segura datosPaciente","duration":3.5777459999999337,"failureMessages":[],"meta":{}},{"ancestorTitles":["paciente.controller helpers","normRut helper (inferido del código)"],"fullName":"paciente.controller helpers normRut helper (inferido del código) debería eliminar puntos y guiones del RUT","status":"passed","title":"debería eliminar puntos y guiones del RUT","duration":0.6591590000000451,"failureMessages":[],"meta":{}},{"ancestorTitles":["paciente.controller helpers","normRut helper (inferido del código)"],"fullName":"paciente.controller helpers normRut helper (inferido del código) debería convertir a mayúsculas","status":"passed","title":"debería convertir a mayúsculas","duration":0.5347690000000966,"failureMessages":[],"meta":{}},{"ancestorTitles":["paciente.controller helpers","normRut helper (inferido del código)"],"fullName":"paciente.controller helpers normRut helper (inferido del código) debería manejar valores vacíos","status":"passed","title":"debería manejar valores vacíos","duration":0.4042380000000776,"failureMessages":[],"meta":{}},{"ancestorTitles":["paciente.controller helpers","parseUserIdParam helper (inferido del código)"],"fullName":"paciente.controller helpers parseUserIdParam helper (inferido del código) debería parsear user_id desde params","status":"passed","title":"debería parsear user_id desde params","duration":0.5182689999999184,"failureMessages":[],"meta":{}},{"ancestorTitles":["paciente.controller helpers","parseUserIdParam helper (inferido del código)"],"fullName":"paciente.controller helpers parseUserIdParam helper (inferido del código) debería parsear user_id desde query","status":"passed","title":"debería parsear user_id desde query","duration":0.9484130000000732,"failureMessages":[],"meta":{}},{"ancestorTitles":["paciente.controller helpers","parseUserIdParam helper (inferido del código)"],"fullName":"paciente.controller helpers parseUserIdParam helper (inferido del código) debería retornar null para IDs inválidos","status":"passed","title":"debería retornar null para IDs inválidos","duration":0.5805960000000141,"failureMessages":[],"meta":{}},{"ancestorTitles":["paciente.controller helpers","isEmpty helper (inferido del código)"],"fullName":"paciente.controller helpers isEmpty helper (inferido del código) debería retornar true para valores vacíos","status":"passed","title":"debería retornar true para valores vacíos","duration":0.40593200000012075,"failureMessages":[],"meta":{}},{"ancestorTitles":["paciente.controller helpers","isEmpty helper (inferido del código)"],"fullName":"paciente.controller helpers isEmpty helper (inferido del código) debería retornar false para valores no vacíos","status":"passed","title":"debería retornar false para valores no vacíos","duration":0.5297540000001391,"failureMessages":[],"meta":{}},{"ancestorTitles":["paciente.controller helpers","isMissingColumnError helper (inferido del código)"],"fullName":"paciente.controller helpers isMissingColumnError helper (inferido del código) debería detectar error de columna faltante","status":"passed","title":"debería detectar error de columna faltante","duration":0.3372070000000349,"failureMessages":[],"meta":{}},{"ancestorTitles":["paciente.controller helpers","isMissingColumnError helper (inferido del código)"],"fullName":"paciente.controller helpers isMissingColumnError helper (inferido del código) debería retornar false para errores no relacionados","status":"passed","title":"debería retornar false para errores no relacionados","duration":0.3033050000001367,"failureMessages":[],"meta":{}},{"ancestorTitles":["paciente.controller helpers","isMissingColumnError helper (inferido del código)"],"fullName":"paciente.controller helpers isMissingColumnError helper (inferido del código) debería retornar false para null/undefined","status":"passed","title":"debería retornar false para null/undefined","duration":0.4783239999999296,"failureMessages":[],"meta":{}},{"ancestorTitles":["paciente.controller helpers","ensureSchemaFlags helper (inferido del código)"],"fullName":"paciente.controller helpers ensureSchemaFlags helper (inferido del código) debería cachear flags de esquema","status":"passed","title":"debería cachear flags de esquema","duration":0.435935999999856,"failureMessages":[],"meta":{}}],"startTime":1762451249296,"endTime":1762451249518.4783,"status":"passed","message":"","name":"/home/fork_frantura/Backend/Fracturas-de-cadera/tests/paciente.controller.spec.js"},{"assertionResults":[{"ancestorTitles":["Registro (SIN verificación por correo)"],"fullName":"Registro (SIN verificación por correo) crea usuario sin token/expiración y NO envía mail","status":"passed","title":"crea usuario sin token/expiración y NO envía mail","duration":157.2588810000002,"failureMessages":[],"meta":{}},{"ancestorTitles":["Verificación de correo (habilitada)"],"fullName":"Verificación de correo (habilitada) verifyEmail acepta token válido","status":"skipped","title":"verifyEmail acepta token válido","failureMessages":[],"meta":{}},{"ancestorTitles":["Verificación de correo (habilitada)"],"fullName":"Verificación de correo (habilitada) verifyEmail rechaza token expirado","status":"skipped","title":"verifyEmail rechaza token expirado","failureMessages":[],"meta":{}},{"ancestorTitles":["Verificación de correo (habilitada)"],"fullName":"Verificación de correo (habilitada) verifyEmail rechaza token inválido","status":"skipped","title":"verifyEmail rechaza token inválido","failureMessages":[],"meta":{}}],"startTime":1762451249319,"endTime":1762451249476.2588,"status":"passed","message":"","name":"/home/fork_frantura/Backend/Fracturas-de-cadera/tests/registerEmailVerify.spec.js"},{"assertionResults":[{"ancestorTitles":["registro.controller - llamadas seguras"],"fullName":"registro.controller - llamadas seguras invoca de forma segura list","status":"passed","title":"invoca de forma segura list","duration":99.88230999999996,"failureMessages":[],"meta":{}},{"ancestorTitles":["registro.controller - llamadas seguras"],"fullName":"registro.controller - llamadas seguras invoca de forma segura getOne","status":"passed","title":"invoca de forma segura getOne","duration":0.6886919999999463,"failureMessages":[],"meta":{}},{"ancestorTitles":["registro.controller - llamadas seguras"],"fullName":"registro.controller - llamadas seguras invoca de forma segura create","status":"passed","title":"invoca de forma segura create","duration":0.40738499999997657,"failureMessages":[],"meta":{}},{"ancestorTitles":["registro.controller - llamadas seguras"],"fullName":"registro.controller - llamadas seguras invoca de forma segura update","status":"passed","title":"invoca de forma segura update","duration":0.6854510000000573,"failureMessages":[],"meta":{}},{"ancestorTitles":["registro.controller - llamadas seguras"],"fullName":"registro.controller - llamadas seguras invoca de forma segura remove","status":"passed","title":"invoca de forma segura remove","duration":0.8838110000001507,"failureMessages":[],"meta":{}},{"ancestorTitles":["registro.controller - llamadas seguras"],"fullName":"registro.controller - llamadas seguras invoca de forma segura logRegistro","status":"passed","title":"invoca de forma segura logRegistro","duration":25.970961999999872,"failureMessages":[],"meta":{}},{"ancestorTitles":["registro.controller - llamadas seguras"],"fullName":"registro.controller - llamadas seguras list con parámetros de query","status":"passed","title":"list con parámetros de query","duration":2.6691209999999046,"failureMessages":[],"meta":{}},{"ancestorTitles":["registro.controller - llamadas seguras"],"fullName":"registro.controller - llamadas seguras getOne con id válido","status":"passed","title":"getOne con id válido","duration":2.2409869999999046,"failureMessages":[],"meta":{}},{"ancestorTitles":["registro.controller - llamadas seguras"],"fullName":"registro.controller - llamadas seguras create con body completo","status":"passed","title":"create con body completo","duration":4.230996000000005,"failureMessages":[],"meta":{}},{"ancestorTitles":["registro.controller - llamadas seguras"],"fullName":"registro.controller - llamadas seguras update con body completo","status":"passed","title":"update con body completo","duration":1.7135200000000168,"failureMessages":[],"meta":{}},{"ancestorTitles":["registro.controller - llamadas seguras"],"fullName":"registro.controller - llamadas seguras remove con id válido","status":"passed","title":"remove con id válido","duration":1.4711790000001201,"failureMessages":[],"meta":{}},{"ancestorTitles":["registro.controller - llamadas seguras"],"fullName":"registro.controller - llamadas seguras logRegistro con acción","status":"passed","title":"logRegistro con acción","duration":3.639032000000043,"failureMessages":[],"meta":{}},{"ancestorTitles":["registro.controller - llamadas seguras","Tests adicionales para ejecutar funciones helper internas"],"fullName":"registro.controller - llamadas seguras Tests adicionales para ejecutar funciones helper internas list() con parámetros complejos en query","status":"passed","title":"list() con parámetros complejos en query","duration":1.8038879999999153,"failureMessages":[],"meta":{}},{"ancestorTitles":["registro.controller - llamadas seguras","Tests adicionales para ejecutar funciones helper internas"],"fullName":"registro.controller - llamadas seguras Tests adicionales para ejecutar funciones helper internas getOne() con id inválido (string no numérico)","status":"passed","title":"getOne() con id inválido (string no numérico)","duration":0.7927170000000388,"failureMessages":[],"meta":{}},{"ancestorTitles":["registro.controller - llamadas seguras","Tests adicionales para ejecutar funciones helper internas"],"fullName":"registro.controller - llamadas seguras Tests adicionales para ejecutar funciones helper internas create() con fecha válida ISO 8601","status":"passed","title":"create() con fecha válida ISO 8601","duration":4.239955000000009,"failureMessages":[],"meta":{}},{"ancestorTitles":["registro.controller - llamadas seguras","Tests adicionales para ejecutar funciones helper internas"],"fullName":"registro.controller - llamadas seguras Tests adicionales para ejecutar funciones helper internas create() con fecha inválida","status":"passed","title":"create() con fecha inválida","duration":3.9606630000000678,"failureMessages":[],"meta":{}},{"ancestorTitles":["registro.controller - llamadas seguras","Tests adicionales para ejecutar funciones helper internas"],"fullName":"registro.controller - llamadas seguras Tests adicionales para ejecutar funciones helper internas create() sin fecha (debería usar Date.now())","status":"passed","title":"create() sin fecha (debería usar Date.now())","duration":2.641791000000012,"failureMessages":[],"meta":{}},{"ancestorTitles":["registro.controller - llamadas seguras","Tests adicionales para ejecutar funciones helper internas"],"fullName":"registro.controller - llamadas seguras Tests adicionales para ejecutar funciones helper internas update() con diferentes parámetros","status":"passed","title":"update() con diferentes parámetros","duration":1.8907409999999345,"failureMessages":[],"meta":{}},{"ancestorTitles":["registro.controller - llamadas seguras","Tests adicionales para ejecutar funciones helper internas"],"fullName":"registro.controller - llamadas seguras Tests adicionales para ejecutar funciones helper internas remove() con id string válido","status":"passed","title":"remove() con id string válido","duration":1.224185000000034,"failureMessages":[],"meta":{}},{"ancestorTitles":["registro.controller - llamadas seguras","Tests adicionales para ejecutar funciones helper internas"],"fullName":"registro.controller - llamadas seguras Tests adicionales para ejecutar funciones helper internas logRegistro() con múltiples parámetros","status":"passed","title":"logRegistro() con múltiples parámetros","duration":2.382272999999941,"failureMessages":[],"meta":{}}],"startTime":1762451249120,"endTime":1762451249284.3823,"status":"passed","message":"","name":"/home/fork_frantura/Backend/Fracturas-de-cadera/tests/registro.controller.spec.js"},{"assertionResults":[{"ancestorTitles":["riesgoRefracturaService.recalcularIndicadoresControl"],"fullName":"riesgoRefracturaService.recalcularIndicadoresControl crea indicadores y alerta de RIESGO cuando el puntaje ≥ ALTO","status":"passed","title":"crea indicadores y alerta de RIESGO cuando el puntaje ≥ ALTO","duration":743.259982,"failureMessages":[],"meta":{}},{"ancestorTitles":["riesgoRefracturaService.recalcularIndicadoresControl"],"fullName":"riesgoRefracturaService.recalcularIndicadoresControl no crea alerta si el nivel es BAJO (forzando 0 puntos)","status":"passed","title":"no crea alerta si el nivel es BAJO (forzando 0 puntos)","duration":7.03421400000002,"failureMessages":[],"meta":{}},{"ancestorTitles":["riesgoRefracturaService - funciones exportadas adicionales"],"fullName":"riesgoRefracturaService - funciones exportadas adicionales todas las funciones exportadas son ejecutables","status":"passed","title":"todas las funciones exportadas son ejecutables","duration":4.972901000000093,"failureMessages":[],"meta":{}},{"ancestorTitles":["riesgoRefracturaService - funciones exportadas adicionales"],"fullName":"riesgoRefracturaService - funciones exportadas adicionales recalcularIndicadores debe ser invocable","status":"passed","title":"recalcularIndicadores debe ser invocable","duration":17.444809000000078,"failureMessages":[],"meta":{}},{"ancestorTitles":["riesgoRefracturaService - funciones exportadas adicionales"],"fullName":"riesgoRefracturaService - funciones exportadas adicionales recalcularIndicadoresEpisodio debe ser invocable","status":"passed","title":"recalcularIndicadoresEpisodio debe ser invocable","duration":15.475449000000026,"failureMessages":[],"meta":{}},{"ancestorTitles":["riesgoRefracturaService - funciones exportadas adicionales"],"fullName":"riesgoRefracturaService - funciones exportadas adicionales recalcularIndicadores con diferentes opciones","status":"passed","title":"recalcularIndicadores con diferentes opciones","duration":7.49363500000004,"failureMessages":[],"meta":{}},{"ancestorTitles":["riesgoRefracturaService - funciones exportadas adicionales"],"fullName":"riesgoRefracturaService - funciones exportadas adicionales recalcularIndicadoresControl con diferentes parámetros","status":"passed","title":"recalcularIndicadoresControl con diferentes parámetros","duration":6.81246299999998,"failureMessages":[],"meta":{}}],"startTime":1762451248548,"endTime":1762451249350.8125,"status":"passed","message":"","name":"/home/fork_frantura/Backend/Fracturas-de-cadera/tests/riesgoRefracturaService.spec.js"},{"assertionResults":[{"ancestorTitles":["RUT utils"],"fullName":"RUT utils computeDv correcto","status":"passed","title":"computeDv correcto","duration":8.13435800000002,"failureMessages":[],"meta":{}},{"ancestorTitles":["RUT utils"],"fullName":"RUT utils válidos con/sin puntos/espacios","status":"passed","title":"válidos con/sin puntos/espacios","duration":2.922951000000012,"failureMessages":[],"meta":{}},{"ancestorTitles":["RUT utils"],"fullName":"RUT utils inválidos","status":"passed","title":"inválidos","duration":1.9409030000000485,"failureMessages":[],"meta":{}},{"ancestorTitles":["RUT utils"],"fullName":"RUT utils normalize + format","status":"passed","title":"normalize + format","duration":1.9679399999999987,"failureMessages":[],"meta":{}}],"startTime":1762451248619,"endTime":1762451248634.968,"status":"passed","message":"","name":"/home/fork_frantura/Backend/Fracturas-de-cadera/tests/rut.spec.js"},{"assertionResults":[{"ancestorTitles":["Vitest OK"],"fullName":"Vitest OK 1 + 1 = 2","status":"passed","title":"1 + 1 = 2","duration":5.299085999999988,"failureMessages":[],"meta":{}}],"startTime":1762451248549,"endTime":1762451248554.299,"status":"passed","message":"","name":"/home/fork_frantura/Backend/Fracturas-de-cadera/tests/smoke.spec.js"},{"assertionResults":[{"ancestorTitles":["Ultra Coverage Boost - Ejecutar todas las funciones exportadas","episodio.controller - casos ultra específicos"],"fullName":"Ultra Coverage Boost - Ejecutar todas las funciones exportadas episodio.controller - casos ultra específicos create con todos los campos posibles","status":"passed","title":"create con todos los campos posibles","duration":6.5327619999998205,"failureMessages":[],"meta":{}},{"ancestorTitles":["Ultra Coverage Boost - Ejecutar todas las funciones exportadas","episodio.controller - casos ultra específicos"],"fullName":"Ultra Coverage Boost - Ejecutar todas las funciones exportadas episodio.controller - casos ultra específicos update con diferentes tipos de datos","status":"passed","title":"update con diferentes tipos de datos","duration":101.91202700000008,"failureMessages":[],"meta":{}},{"ancestorTitles":["Ultra Coverage Boost - Ejecutar todas las funciones exportadas","episodio.controller - casos ultra específicos"],"fullName":"Ultra Coverage Boost - Ejecutar todas las funciones exportadas episodio.controller - casos ultra específicos list con múltiples filtros","status":"passed","title":"list con múltiples filtros","duration":16.761662000000115,"failureMessages":[],"meta":{}},{"ancestorTitles":["Ultra Coverage Boost - Ejecutar todas las funciones exportadas","paciente.controller - variaciones extremas"],"fullName":"Ultra Coverage Boost - Ejecutar todas las funciones exportadas paciente.controller - variaciones extremas getDetalles con episodio_id específico","status":"passed","title":"getDetalles con episodio_id específico","duration":1.0527150000000347,"failureMessages":[],"meta":{}},{"ancestorTitles":["Ultra Coverage Boost - Ejecutar todas las funciones exportadas","paciente.controller - variaciones extremas"],"fullName":"Ultra Coverage Boost - Ejecutar todas las funciones exportadas paciente.controller - variaciones extremas getResumen con paciente_id","status":"passed","title":"getResumen con paciente_id","duration":34.23938699999985,"failureMessages":[],"meta":{}},{"ancestorTitles":["Ultra Coverage Boost - Ejecutar todas las funciones exportadas","paciente.controller - variaciones extremas"],"fullName":"Ultra Coverage Boost - Ejecutar todas las funciones exportadas paciente.controller - variaciones extremas datosPaciente con id numérico","status":"passed","title":"datosPaciente con id numérico","duration":0.7455939999999828,"failureMessages":[],"meta":{}},{"ancestorTitles":["Ultra Coverage Boost - Ejecutar todas las funciones exportadas","paciente.controller - variaciones extremas"],"fullName":"Ultra Coverage Boost - Ejecutar todas las funciones exportadas paciente.controller - variaciones extremas list con filtros complejos","status":"passed","title":"list con filtros complejos","duration":13.715554999999995,"failureMessages":[],"meta":{}},{"ancestorTitles":["Ultra Coverage Boost - Ejecutar todas las funciones exportadas","control_clinico.controller - casos edge"],"fullName":"Ultra Coverage Boost - Ejecutar todas las funciones exportadas control_clinico.controller - casos edge create con todos los campos de antropometría","status":"passed","title":"create con todos los campos de antropometría","duration":20.494146999999884,"failureMessages":[],"meta":{}},{"ancestorTitles":["Ultra Coverage Boost - Ejecutar todas las funciones exportadas","control_clinico.controller - casos edge"],"fullName":"Ultra Coverage Boost - Ejecutar todas las funciones exportadas control_clinico.controller - casos edge update con campos específicos","status":"passed","title":"update con campos específicos","duration":2.7994840000001204,"failureMessages":[],"meta":{}},{"ancestorTitles":["Ultra Coverage Boost - Ejecutar todas las funciones exportadas","Otros controllers - variaciones múltiples"],"fullName":"Ultra Coverage Boost - Ejecutar todas las funciones exportadas Otros controllers - variaciones múltiples examen.controller - create con tipo_examen específico","status":"passed","title":"examen.controller - create con tipo_examen específico","duration":0.9027999999998428,"failureMessages":[],"meta":{}},{"ancestorTitles":["Ultra Coverage Boost - Ejecutar todas las funciones exportadas","Otros controllers - variaciones múltiples"],"fullName":"Ultra Coverage Boost - Ejecutar todas las funciones exportadas Otros controllers - variaciones múltiples resultado.controller - create con parámetros de laboratorio","status":"passed","title":"resultado.controller - create con parámetros de laboratorio","duration":0.6147169999999278,"failureMessages":[],"meta":{}},{"ancestorTitles":["Ultra Coverage Boost - Ejecutar todas las funciones exportadas","Otros controllers - variaciones múltiples"],"fullName":"Ultra Coverage Boost - Ejecutar todas las funciones exportadas Otros controllers - variaciones múltiples cirugia.controller - create con detalles quirúrgicos","status":"passed","title":"cirugia.controller - create con detalles quirúrgicos","duration":1.7132509999999002,"failureMessages":[],"meta":{}},{"ancestorTitles":["Ultra Coverage Boost - Ejecutar todas las funciones exportadas","Otros controllers - variaciones múltiples"],"fullName":"Ultra Coverage Boost - Ejecutar todas las funciones exportadas Otros controllers - variaciones múltiples alerta.controller - list con filtros múltiples","status":"passed","title":"alerta.controller - list con filtros múltiples","duration":3.1755259999999907,"failureMessages":[],"meta":{}},{"ancestorTitles":["Ultra Coverage Boost - Ejecutar todas las funciones exportadas","Otros controllers - variaciones múltiples"],"fullName":"Ultra Coverage Boost - Ejecutar todas las funciones exportadas Otros controllers - variaciones múltiples minuta.controller - create con datos completos","status":"passed","title":"minuta.controller - create con datos completos","duration":1.1683140000000094,"failureMessages":[],"meta":{}},{"ancestorTitles":["Ultra Coverage Boost - Ejecutar todas las funciones exportadas","Otros controllers - variaciones múltiples"],"fullName":"Ultra Coverage Boost - Ejecutar todas las funciones exportadas Otros controllers - variaciones múltiples antropometria.controller - create con mediciones","status":"passed","title":"antropometria.controller - create con mediciones","duration":2.301236000000017,"failureMessages":[],"meta":{}},{"ancestorTitles":["Ultra Coverage Boost - Ejecutar todas las funciones exportadas","Otros controllers - variaciones múltiples"],"fullName":"Ultra Coverage Boost - Ejecutar todas las funciones exportadas Otros controllers - variaciones múltiples complicacion.controller - create con detalles","status":"passed","title":"complicacion.controller - create con detalles","duration":0.5617310000000089,"failureMessages":[],"meta":{}},{"ancestorTitles":["Ultra Coverage Boost - Ejecutar todas las funciones exportadas","Otros controllers - variaciones múltiples"],"fullName":"Ultra Coverage Boost - Ejecutar todas las funciones exportadas Otros controllers - variaciones múltiples suspension.controller - create","status":"passed","title":"suspension.controller - create","duration":0.43215600000007726,"failureMessages":[],"meta":{}},{"ancestorTitles":["Ultra Coverage Boost - Ejecutar todas las funciones exportadas","Otros controllers - variaciones múltiples"],"fullName":"Ultra Coverage Boost - Ejecutar todas las funciones exportadas Otros controllers - variaciones múltiples evolucion.controller - create con notas","status":"passed","title":"evolucion.controller - create con notas","duration":1.891048999999839,"failureMessages":[],"meta":{}},{"ancestorTitles":["Ultra Coverage Boost - Ejecutar todas las funciones exportadas","Otros controllers - variaciones múltiples"],"fullName":"Ultra Coverage Boost - Ejecutar todas las funciones exportadas Otros controllers - variaciones múltiples muestra.controller - create con datos de muestra","status":"passed","title":"muestra.controller - create con datos de muestra","duration":5.751420999999937,"failureMessages":[],"meta":{}},{"ancestorTitles":["Ultra Coverage Boost - Ejecutar todas las funciones exportadas","Otros controllers - variaciones múltiples"],"fullName":"Ultra Coverage Boost - Ejecutar todas las funciones exportadas Otros controllers - variaciones múltiples tecnologo.controller - list","status":"passed","title":"tecnologo.controller - list","duration":3.6143409999999676,"failureMessages":[],"meta":{}}],"startTime":1762451249257,"endTime":1762451249479.6143,"status":"passed","message":"","name":"/home/fork_frantura/Backend/Fracturas-de-cadera/tests/ultra-coverage-boost.spec.js"},{"assertionResults":[{"ancestorTitles":["validators.parseValorDecimal"],"fullName":"validators.parseValorDecimal rechaza null y undefined","status":"passed","title":"rechaza null y undefined","duration":5.212998999999968,"failureMessages":[],"meta":{}},{"ancestorTitles":["validators.parseValorDecimal"],"fullName":"validators.parseValorDecimal rechaza strings vacíos","status":"passed","title":"rechaza strings vacíos","duration":0.6939260000000331,"failureMessages":[],"meta":{}},{"ancestorTitles":["validators.parseValorDecimal"],"fullName":"validators.parseValorDecimal rechaza strings muy largos (>12 caracteres)","status":"passed","title":"rechaza strings muy largos (>12 caracteres)","duration":0.7864419999999654,"failureMessages":[],"meta":{}},{"ancestorTitles":["validators.parseValorDecimal"],"fullName":"validators.parseValorDecimal rechaza notación científica","status":"passed","title":"rechaza notación científica","duration":0.8013799999999947,"failureMessages":[],"meta":{}},{"ancestorTitles":["validators.parseValorDecimal"],"fullName":"validators.parseValorDecimal rechaza letras o espacios","status":"passed","title":"rechaza letras o espacios","duration":1.4240180000000464,"failureMessages":[],"meta":{}},{"ancestorTitles":["validators.parseValorDecimal"],"fullName":"validators.parseValorDecimal rechaza usar punto Y coma juntos","status":"passed","title":"rechaza usar punto Y coma juntos","duration":0.5004069999999956,"failureMessages":[],"meta":{}},{"ancestorTitles":["validators.parseValorDecimal"],"fullName":"validators.parseValorDecimal rechaza formato inválido (múltiples puntos/comas)","status":"passed","title":"rechaza formato inválido (múltiples puntos/comas)","duration":0.7361119999999346,"failureMessages":[],"meta":{}},{"ancestorTitles":["validators.parseValorDecimal"],"fullName":"validators.parseValorDecimal rechaza más de 3 decimales","status":"passed","title":"rechaza más de 3 decimales","duration":0.5838119999999662,"failureMessages":[],"meta":{}},{"ancestorTitles":["validators.parseValorDecimal"],"fullName":"validators.parseValorDecimal acepta enteros válidos","status":"passed","title":"acepta enteros válidos","duration":0.8456929999999829,"failureMessages":[],"meta":{}},{"ancestorTitles":["validators.parseValorDecimal"],"fullName":"validators.parseValorDecimal acepta decimales con punto (hasta 3 decimales)","status":"passed","title":"acepta decimales con punto (hasta 3 decimales)","duration":1.068394000000012,"failureMessages":[],"meta":{}},{"ancestorTitles":["validators.parseValorDecimal"],"fullName":"validators.parseValorDecimal acepta decimales con coma (hasta 3 decimales)","status":"passed","title":"acepta decimales con coma (hasta 3 decimales)","duration":0.5380390000000261,"failureMessages":[],"meta":{}},{"ancestorTitles":["validators.parseValorDecimal"],"fullName":"validators.parseValorDecimal acepta valores dentro del límite de 12 caracteres","status":"passed","title":"acepta valores dentro del límite de 12 caracteres","duration":0.4938809999999876,"failureMessages":[],"meta":{}},{"ancestorTitles":["validators.esValidoValorResultado"],"fullName":"validators.esValidoValorResultado rechaza valores no numéricos o infinitos","status":"passed","title":"rechaza valores no numéricos o infinitos","duration":0.9704330000000709,"failureMessages":[],"meta":{}},{"ancestorTitles":["validators.esValidoValorResultado"],"fullName":"validators.esValidoValorResultado rechaza porcentajes negativos","status":"passed","title":"rechaza porcentajes negativos","duration":0.8853960000000143,"failureMessages":[],"meta":{}},{"ancestorTitles":["validators.esValidoValorResultado"],"fullName":"validators.esValidoValorResultado rechaza porcentajes mayores a 100","status":"passed","title":"rechaza porcentajes mayores a 100","duration":0.4581590000000233,"failureMessages":[],"meta":{}},{"ancestorTitles":["validators.esValidoValorResultado"],"fullName":"validators.esValidoValorResultado acepta porcentajes válidos (0-100)","status":"passed","title":"acepta porcentajes válidos (0-100)","duration":0.753659999999968,"failureMessages":[],"meta":{}},{"ancestorTitles":["validators.esValidoValorResultado"],"fullName":"validators.esValidoValorResultado rechaza valores negativos en unidades no porcentuales","status":"passed","title":"rechaza valores negativos en unidades no porcentuales","duration":0.33100999999999203,"failureMessages":[],"meta":{}},{"ancestorTitles":["validators.esValidoValorResultado"],"fullName":"validators.esValidoValorResultado sin RI: acepta valores absolutos <= 1e6","status":"passed","title":"sin RI: acepta valores absolutos <= 1e6","duration":0.4264420000000655,"failureMessages":[],"meta":{}},{"ancestorTitles":["validators.esValidoValorResultado"],"fullName":"validators.esValidoValorResultado sin RI: rechaza valores absolutos > 1e6","status":"passed","title":"sin RI: rechaza valores absolutos > 1e6","duration":0.5458969999999681,"failureMessages":[],"meta":{}},{"ancestorTitles":["validators.esValidoValorResultado"],"fullName":"validators.esValidoValorResultado con RI: rechaza valores demasiado altos (>ref_max * 10)","status":"passed","title":"con RI: rechaza valores demasiado altos (>ref_max * 10)","duration":0.34429099999999835,"failureMessages":[],"meta":{}},{"ancestorTitles":["validators.esValidoValorResultado"],"fullName":"validators.esValidoValorResultado con RI: rechaza valores demasiado bajos (<ref_min / 10, si ref_min > 0)","status":"passed","title":"con RI: rechaza valores demasiado bajos (<ref_min / 10, si ref_min > 0)","duration":1.6731209999999237,"failureMessages":[],"meta":{}},{"ancestorTitles":["validators.esValidoValorResultado"],"fullName":"validators.esValidoValorResultado con RI: acepta valores dentro de rango razonable","status":"passed","title":"con RI: acepta valores dentro de rango razonable","duration":0.5852089999999635,"failureMessages":[],"meta":{}},{"ancestorTitles":["validators.esValidoValorResultado"],"fullName":"validators.esValidoValorResultado con RI: acepta valores ligeramente fuera de rango pero razonables","status":"passed","title":"con RI: acepta valores ligeramente fuera de rango pero razonables","duration":0.3206289999999399,"failureMessages":[],"meta":{}},{"ancestorTitles":["validators.esValidoValorResultado"],"fullName":"validators.esValidoValorResultado con RI (ref_min=0): no rechaza valores bajos si ref_min es 0","status":"passed","title":"con RI (ref_min=0): no rechaza valores bajos si ref_min es 0","duration":0.2730589999999893,"failureMessages":[],"meta":{}}],"startTime":1762451248620,"endTime":1762451248643.3206,"status":"passed","message":"","name":"/home/fork_frantura/Backend/Fracturas-de-cadera/tests/validators.spec.js"}]}